Building DAG of jobs...
Using shell: /bin/bash
Provided cores: 4
Rules claiming more threads will be scaled down.
Job counts:
	count	jobs
	1	all
	1	bcftools_call
	2	bwa_map
	1	plot_quals
	2	samtools_index
	2	samtools_sort
	9

[Thu Jan 17 01:29:41 2019]
rule bwa_map:
    input: data/genome.fa, data/samples/B.fastq
    output: mapped_reads/B.bam
    jobid: 7
    wildcards: sample=B
    threads: 4

[Thu Jan 17 01:29:41 2019]
Finished job 7.
1 of 9 steps (11%) done

[Thu Jan 17 01:29:41 2019]
rule bwa_map:
    input: data/genome.fa, data/samples/A.fastq
    output: mapped_reads/A.bam
    jobid: 8
    wildcards: sample=A
    threads: 4

[Thu Jan 17 01:29:42 2019]
Finished job 8.
2 of 9 steps (22%) done

[Thu Jan 17 01:29:42 2019]
rule samtools_sort:
    input: mapped_reads/A.bam
    output: sorted_reads/A.bam
    jobid: 5
    wildcards: sample=A


[Thu Jan 17 01:29:42 2019]
rule samtools_sort:
    input: mapped_reads/B.bam
    output: sorted_reads/B.bam
    jobid: 4
    wildcards: sample=B

[Thu Jan 17 01:29:42 2019]
Error in rule samtools_sort:
    jobid: 5
    output: sorted_reads/A.bam

[Thu Jan 17 01:29:42 2019]
Error in rule samtools_sort:
    jobid: 4
    output: sorted_reads/B.bam

RuleException:
CalledProcessError in line 25 of /Users/paniz/Documents/Snakemake/snakemake-tutorial/Snakefile:
Command ' set -euo pipefail;  samtools sort -R sorted_reads/A -O bam mapped_reads/A.bam > sorted_reads/A.bam ' returned non-zero exit status 1.
  File "/Users/paniz/Documents/Snakemake/snakemake-tutorial/Snakefile", line 25, in __rule_samtools_sort
  File "/Users/paniz/miniconda3/envs/snakemake-tutorial/lib/python3.6/concurrent/futures/thread.py", line 56, in run
Removing output files of failed job samtools_sort since they might be corrupted:
sorted_reads/A.bam
RuleException:
CalledProcessError in line 25 of /Users/paniz/Documents/Snakemake/snakemake-tutorial/Snakefile:
Command ' set -euo pipefail;  samtools sort -R sorted_reads/B -O bam mapped_reads/B.bam > sorted_reads/B.bam ' returned non-zero exit status 1.
  File "/Users/paniz/Documents/Snakemake/snakemake-tutorial/Snakefile", line 25, in __rule_samtools_sort
  File "/Users/paniz/miniconda3/envs/snakemake-tutorial/lib/python3.6/concurrent/futures/thread.py", line 56, in run
Removing output files of failed job samtools_sort since they might be corrupted:
sorted_reads/B.bam
Shutting down, this might take some time.
Exiting because a job execution failed. Look above for error message
Complete log: /Users/paniz/Documents/Snakemake/snakemake-tutorial/.snakemake/log/2019-01-17T012940.978781.snakemake.log
