Building DAG of jobs...
Using shell: /bin/bash
Provided cores: 1
Rules claiming more threads will be scaled down.
Job counts:
	count	jobs
	1	all
	1	plot_quals
	2

[Mon Mar  4 23:04:14 2019]
rule plot_quals:
    input: calls/all.vcf
    output: plots/quals.svg
    jobid: 1

[Mon Mar  4 23:04:16 2019]
Finished job 1.
1 of 2 steps (50%) done

[Mon Mar  4 23:04:16 2019]
localrule all:
    input: plots/quals.svg
    jobid: 0

[Mon Mar  4 23:04:16 2019]
Finished job 0.
2 of 2 steps (100%) done
Complete log: /Users/paniz/Documents/Snakemake/snakemake-tutorial/.snakemake/log/2019-03-04T230414.405860.snakemake.log
