Building DAG of jobs...
Using shell: /bin/bash
Provided cores: 1
Rules claiming more threads will be scaled down.
Job counts:
	count	jobs
	2	samtools_sort
	2

[Fri Jan  4 01:19:05 2019]
rule samtools_sort:
    input: mapped_reads/B.bam
    output: sorted_reads/B.bam
    jobid: 1
    wildcards: sample=B

[Fri Jan  4 01:19:05 2019]
Finished job 1.
1 of 2 steps (50%) done

[Fri Jan  4 01:19:05 2019]
rule samtools_sort:
    input: mapped_reads/A.bam
    output: sorted_reads/A.bam
    jobid: 0
    wildcards: sample=A

[Fri Jan  4 01:19:06 2019]
Finished job 0.
2 of 2 steps (100%) done
Complete log: /Users/paniz/Documents/Snakemake/snakemake-tutorial/.snakemake/log/2019-01-04T011905.765616.snakemake.log
