Building DAG of jobs...
Using shell: /bin/bash
Provided cores: 1
Rules claiming more threads will be scaled down.
Job counts:
	count	jobs
	1	all
	1	bcftools_call
	1	plot_quals
	2	samtools_index
	2	samtools_sort
	7

[Mon Mar  4 23:12:27 2019]
rule samtools_sort:
    input: mapped_reads/B.bam
    output: sorted_reads/B.bam
    jobid: 3
    wildcards: sample=B

[Mon Mar  4 23:12:27 2019]
Finished job 3.
1 of 7 steps (14%) done

[Mon Mar  4 23:12:27 2019]
rule samtools_sort:
    input: mapped_reads/A.bam
    output: sorted_reads/A.bam
    jobid: 6
    wildcards: sample=A

[Mon Mar  4 23:12:28 2019]
Finished job 6.
2 of 7 steps (29%) done

[Mon Mar  4 23:12:28 2019]
rule samtools_index:
    input: sorted_reads/B.bam
    output: sorted_reads/B.bam.bai
    jobid: 5
    wildcards: sample=B

[Mon Mar  4 23:12:28 2019]
Finished job 5.
3 of 7 steps (43%) done

[Mon Mar  4 23:12:28 2019]
rule samtools_index:
    input: sorted_reads/A.bam
    output: sorted_reads/A.bam.bai
    jobid: 4
    wildcards: sample=A

[Mon Mar  4 23:12:28 2019]
Finished job 4.
4 of 7 steps (57%) done

[Mon Mar  4 23:12:28 2019]
rule bcftools_call:
    input: data/genome.fa, sorted_reads/A.bam, sorted_reads/B.bam, sorted_reads/A.bam.bai, sorted_reads/B.bam.bai
    output: calls/all.vcf
    jobid: 2

[Mon Mar  4 23:12:28 2019]
Error in rule bcftools_call:
    jobid: 2
    output: calls/all.vcf

RuleException:
CalledProcessError in line 41 of /Users/paniz/Documents/PythonProjects/snakemake-tutorial/Snakefile:
Command ' set -euo pipefail;  samtools mpileup -g -f data/genome.fa sorted_reads/A.bam sorted_reads/B.bam | bcftools call  -P -mv - > calls/all.vcf ' returned non-zero exit status 255.
  File "/Users/paniz/Documents/PythonProjects/snakemake-tutorial/Snakefile", line 41, in __rule_bcftools_call
  File "/Users/paniz/miniconda3/envs/snakemake-tutorial/lib/python3.6/concurrent/futures/thread.py", line 56, in run
Removing output files of failed job bcftools_call since they might be corrupted:
calls/all.vcf
Shutting down, this might take some time.
Exiting because a job execution failed. Look above for error message
Complete log: /Users/paniz/Documents/PythonProjects/snakemake-tutorial/.snakemake/log/2019-03-04T231227.784710.snakemake.log
