Building DAG of jobs...
Using shell: /bin/bash
Provided cores: 1
Rules claiming more threads will be scaled down.
Job counts:
	count	jobs
	1	all
	1	bcftools_call
	1	plot_quals
	3

[Thu Feb 28 19:55:46 2019]
rule bcftools_call:
    input: data/genome.fa, sorted_reads/A.bam, sorted_reads/B.bam, sorted_reads/A.bam.bai, sorted_reads/B.bam.bai
    output: calls/all.vcf
    jobid: 2

samtools mpileup -g -f data/genome.fa sorted_reads/A.bam sorted_reads/B.bam | bcftools call -mv - > calls/all.vcf
[Thu Feb 28 19:55:46 2019]
Finished job 2.
1 of 3 steps (33%) done

[Thu Feb 28 19:55:46 2019]
rule plot_quals:
    input: calls/all.vcf
    output: plots/quals.svg
    jobid: 1

[Thu Feb 28 19:55:46 2019]
Error in rule plot_quals:
    jobid: 1
    output: plots/quals.svg

RuleException:
WorkflowError in line 55 of /Users/paniz/Documents/Snakemake/snakemake-tutorial/Snakefile:
URLError: <urlopen error [Errno 2] No such file or directory: '/Users/paniz/Documents/Snakemake/snakemake-tutorial/scripts/plot-quals.py'>
  File "/Users/paniz/Documents/Snakemake/snakemake-tutorial/Snakefile", line 55, in __rule_plot_quals
  File "/Users/paniz/miniconda3/envs/snakemake-tutorial/lib/python3.6/concurrent/futures/thread.py", line 56, in run
Shutting down, this might take some time.
Exiting because a job execution failed. Look above for error message
Complete log: /Users/paniz/Documents/Snakemake/snakemake-tutorial/.snakemake/log/2019-02-28T195546.060829.snakemake.log
