Building DAG of jobs...
Using shell: /bin/bash
Provided cores: 1
Rules claiming more threads will be scaled down.
Job counts:
	count	jobs
	1	all
	1	bcftools_call
	3	bwa_map
	1	plot_quals
	3	samtools_index
	3	samtools_sort
	12

[Fri Mar  8 01:13:54 2019]
rule bwa_map:
    input: data/genome.fa, data/samples/C.fastq
    output: mapped_reads/C.bam
    jobid: 10
    wildcards: sample=C

[Fri Mar  8 01:13:55 2019]
Finished job 10.
1 of 12 steps (8%) done

[Fri Mar  8 01:13:55 2019]
rule bwa_map:
    input: data/genome.fa, data/samples/B.fastq
    output: mapped_reads/B.bam
    jobid: 9
    wildcards: sample=B

[Fri Mar  8 01:13:56 2019]
Finished job 9.
2 of 12 steps (17%) done

[Fri Mar  8 01:13:56 2019]
rule bwa_map:
    input: data/genome.fa, data/samples/A.fastq
    output: mapped_reads/A.bam
    jobid: 11
    wildcards: sample=A

[Fri Mar  8 01:13:58 2019]
Finished job 11.
3 of 12 steps (25%) done

[Fri Mar  8 01:13:58 2019]
rule samtools_sort:
    input: mapped_reads/C.bam
    output: sorted_reads/C.bam
    jobid: 6
    wildcards: sample=C

[Fri Mar  8 01:13:58 2019]
Finished job 6.
4 of 12 steps (33%) done

[Fri Mar  8 01:13:58 2019]
rule samtools_sort:
    input: mapped_reads/B.bam
    output: sorted_reads/B.bam
    jobid: 4
    wildcards: sample=B

[Fri Mar  8 01:13:58 2019]
Finished job 4.
5 of 12 steps (42%) done

[Fri Mar  8 01:13:58 2019]
rule samtools_sort:
    input: mapped_reads/A.bam
    output: sorted_reads/A.bam
    jobid: 8
    wildcards: sample=A

[Fri Mar  8 01:13:58 2019]
Finished job 8.
6 of 12 steps (50%) done

[Fri Mar  8 01:13:58 2019]
rule samtools_index:
    input: sorted_reads/C.bam
    output: sorted_reads/C.bam.bai
    jobid: 3
    wildcards: sample=C

[Fri Mar  8 01:13:58 2019]
Finished job 3.
7 of 12 steps (58%) done

[Fri Mar  8 01:13:58 2019]
rule samtools_index:
    input: sorted_reads/B.bam
    output: sorted_reads/B.bam.bai
    jobid: 5
    wildcards: sample=B

[Fri Mar  8 01:13:58 2019]
Finished job 5.
8 of 12 steps (67%) done

[Fri Mar  8 01:13:58 2019]
rule samtools_index:
    input: sorted_reads/A.bam
    output: sorted_reads/A.bam.bai
    jobid: 7
    wildcards: sample=A

[Fri Mar  8 01:13:58 2019]
Finished job 7.
9 of 12 steps (75%) done

[Fri Mar  8 01:13:58 2019]
rule bcftools_call:
    input: data/genome.fa, sorted_reads/A.bam, sorted_reads/B.bam, sorted_reads/C.bam, sorted_reads/A.bam.bai, sorted_reads/B.bam.bai, sorted_reads/C.bam.bai
    output: calls/all.vcf
    jobid: 2

[Fri Mar  8 01:13:59 2019]
Finished job 2.
10 of 12 steps (83%) done

[Fri Mar  8 01:13:59 2019]
rule plot_quals:
    input: calls/all.vcf
    output: plots/quals.svg
    jobid: 1

[Fri Mar  8 01:14:00 2019]
Finished job 1.
11 of 12 steps (92%) done

[Fri Mar  8 01:14:00 2019]
localrule all:
    input: plots/quals.svg
    jobid: 0

[Fri Mar  8 01:14:00 2019]
Finished job 0.
12 of 12 steps (100%) done
Complete log: /Users/paniz/Documents/PythonProjects/snakemake-tutorial/.snakemake/log/2019-03-08T011354.533378.snakemake.log
