Building DAG of jobs...
Using shell: /bin/bash
Provided cores: 1
Rules claiming more threads will be scaled down.
Job counts:
	count	jobs
	2	bwa_map
	2

[Fri Jan  4 01:14:51 2019]
rule bwa_map:
    input: data/genome.fa, data/samples/B.fastq
    output: mapped_reads/B.bam
    jobid: 1
    wildcards: sample=B

[Fri Jan  4 01:14:52 2019]
Finished job 1.
1 of 2 steps (50%) done

[Fri Jan  4 01:14:52 2019]
rule bwa_map:
    input: data/genome.fa, data/samples/A.fastq
    output: mapped_reads/A.bam
    jobid: 0
    wildcards: sample=A

[Fri Jan  4 01:14:53 2019]
Finished job 0.
2 of 2 steps (100%) done
Complete log: /Users/paniz/Documents/Snakemake/snakemake-tutorial/.snakemake/log/2019-01-04T011451.201847.snakemake.log
