Building DAG of jobs...
Using shell: /bin/bash
Provided cores: 1
Rules claiming more threads will be scaled down.
Job counts:
	count	jobs
	1	all
	1	bcftools_call
	3	bwa_map
	1	plot_quals
	3	samtools_index
	3	samtools_sort
	12

[Mon Mar 18 15:10:15 2019]
rule bwa_map:
    input: data/genome.fa, data/samples/C.fastq
    output: mapped_reads/C.bam
    jobid: 9
    wildcards: sample=C

[Mon Mar 18 15:10:16 2019]
Finished job 9.
1 of 12 steps (8%) done

[Mon Mar 18 15:10:16 2019]
rule bwa_map:
    input: data/genome.fa, data/samples/B.fastq
    output: mapped_reads/B.bam
    jobid: 11
    wildcards: sample=B

[Mon Mar 18 15:10:17 2019]
Finished job 11.
2 of 12 steps (17%) done

[Mon Mar 18 15:10:17 2019]
rule bwa_map:
    input: data/genome.fa, data/samples/A.fastq
    output: mapped_reads/A.bam
    jobid: 10
    wildcards: sample=A

[Mon Mar 18 15:10:18 2019]
Finished job 10.
3 of 12 steps (25%) done

[Mon Mar 18 15:10:18 2019]
rule samtools_sort:
    input: mapped_reads/C.bam
    output: sorted_reads/C.bam
    jobid: 3
    wildcards: sample=C

[Mon Mar 18 15:10:19 2019]
Finished job 3.
4 of 12 steps (33%) done

[Mon Mar 18 15:10:19 2019]
rule samtools_sort:
    input: mapped_reads/B.bam
    output: sorted_reads/B.bam
    jobid: 8
    wildcards: sample=B

[Mon Mar 18 15:10:19 2019]
Finished job 8.
5 of 12 steps (42%) done

[Mon Mar 18 15:10:19 2019]
rule samtools_sort:
    input: mapped_reads/A.bam
    output: sorted_reads/A.bam
    jobid: 4
    wildcards: sample=A

[Mon Mar 18 15:10:19 2019]
Finished job 4.
6 of 12 steps (50%) done

[Mon Mar 18 15:10:19 2019]
rule samtools_index:
    input: sorted_reads/C.bam
    output: sorted_reads/C.bam.bai
    jobid: 7
    wildcards: sample=C

[Mon Mar 18 15:10:19 2019]
Finished job 7.
7 of 12 steps (58%) done

[Mon Mar 18 15:10:19 2019]
rule samtools_index:
    input: sorted_reads/B.bam
    output: sorted_reads/B.bam.bai
    jobid: 5
    wildcards: sample=B

[Mon Mar 18 15:10:19 2019]
Finished job 5.
8 of 12 steps (67%) done

[Mon Mar 18 15:10:19 2019]
rule samtools_index:
    input: sorted_reads/A.bam
    output: sorted_reads/A.bam.bai
    jobid: 6
    wildcards: sample=A

[Mon Mar 18 15:10:19 2019]
Finished job 6.
9 of 12 steps (75%) done

[Mon Mar 18 15:10:19 2019]
rule bcftools_call:
    input: data/genome.fa, sorted_reads/A.bam, sorted_reads/B.bam, sorted_reads/C.bam, sorted_reads/A.bam.bai, sorted_reads/B.bam.bai, sorted_reads/C.bam.bai
    output: calls/all.vcf
    jobid: 2

[Mon Mar 18 15:10:20 2019]
Finished job 2.
10 of 12 steps (83%) done

[Mon Mar 18 15:10:20 2019]
rule plot_quals:
    input: calls/all.vcf
    output: plots/quals.svg
    jobid: 1

[Mon Mar 18 15:10:21 2019]
Finished job 1.
11 of 12 steps (92%) done

[Mon Mar 18 15:10:21 2019]
localrule all:
    input: plots/quals.svg
    jobid: 0

[Mon Mar 18 15:10:21 2019]
Finished job 0.
12 of 12 steps (100%) done
Complete log: /Users/paniz/Documents/PythonProjects/snakemake-tutorial/.snakemake/log/2019-03-18T151015.191259.snakemake.log
