Building DAG of jobs...
Using shell: /bin/bash
Provided cores: 1
Rules claiming more threads will be scaled down.
Job counts:
	count	jobs
	1	all
	1	bcftools_call
	3	bwa_map
	1	plot_quals
	3	samtools_index
	3	samtools_sort
	12

[Mon Mar 18 17:01:03 2019]
rule bwa_map:
    input: data/genome.fa, data/samples/C.fastq
    output: mapped_reads/C.bam
    log: logs/bwa_mem/C.log
    jobid: 9
    wildcards: sample=C

[Mon Mar 18 17:01:04 2019]
Finished job 9.
1 of 12 steps (8%) done

[Mon Mar 18 17:01:04 2019]
rule bwa_map:
    input: data/genome.fa, data/samples/B.fastq
    output: mapped_reads/B.bam
    log: logs/bwa_mem/B.log
    jobid: 11
    wildcards: sample=B

[Mon Mar 18 17:01:06 2019]
Finished job 11.
2 of 12 steps (17%) done

[Mon Mar 18 17:01:06 2019]
rule bwa_map:
    input: data/genome.fa, data/samples/A.fastq
    output: mapped_reads/A.bam
    log: logs/bwa_mem/A.log
    jobid: 10
    wildcards: sample=A

[Mon Mar 18 17:01:07 2019]
Finished job 10.
3 of 12 steps (25%) done

[Mon Mar 18 17:01:07 2019]
rule samtools_sort:
    input: mapped_reads/C.bam
    output: sorted_reads/C.bam
    jobid: 4
    wildcards: sample=C

[Mon Mar 18 17:01:07 2019]
Finished job 4.
4 of 12 steps (33%) done

[Mon Mar 18 17:01:07 2019]
rule samtools_sort:
    input: mapped_reads/B.bam
    output: sorted_reads/B.bam
    jobid: 8
    wildcards: sample=B

[Mon Mar 18 17:01:07 2019]
Finished job 8.
5 of 12 steps (42%) done

[Mon Mar 18 17:01:07 2019]
rule samtools_sort:
    input: mapped_reads/A.bam
    output: sorted_reads/A.bam
    jobid: 7
    wildcards: sample=A

[Mon Mar 18 17:01:07 2019]
Finished job 7.
6 of 12 steps (50%) done

[Mon Mar 18 17:01:07 2019]
rule samtools_index:
    input: sorted_reads/C.bam
    output: sorted_reads/C.bam.bai
    jobid: 6
    wildcards: sample=C

[Mon Mar 18 17:01:07 2019]
Finished job 6.
7 of 12 steps (58%) done

[Mon Mar 18 17:01:07 2019]
rule samtools_index:
    input: sorted_reads/B.bam
    output: sorted_reads/B.bam.bai
    jobid: 3
    wildcards: sample=B

[Mon Mar 18 17:01:07 2019]
Finished job 3.
8 of 12 steps (67%) done

[Mon Mar 18 17:01:07 2019]
rule samtools_index:
    input: sorted_reads/A.bam
    output: sorted_reads/A.bam.bai
    jobid: 5
    wildcards: sample=A

[Mon Mar 18 17:01:07 2019]
Finished job 5.
9 of 12 steps (75%) done

[Mon Mar 18 17:01:07 2019]
rule bcftools_call:
    input: data/genome.fa, sorted_reads/A.bam, sorted_reads/B.bam, sorted_reads/C.bam, sorted_reads/A.bam.bai, sorted_reads/B.bam.bai, sorted_reads/C.bam.bai
    output: calls/all.vcf
    log: logs/bcftools_call/calls/all.vcf.log
    jobid: 2

[Mon Mar 18 17:01:07 2019]
Error in rule bcftools_call:
    jobid: 2
    output: calls/all.vcf
    log: logs/bcftools_call/calls/all.vcf.log

RuleException:
CalledProcessError in line 57 of /Users/paniz/Documents/PythonProjects/snakemake-tutorial/Snakefile:
Command ' set -euo pipefail;  samtools mpileup -g -f data/genome.fa sorted_reads/A.bam sorted_reads/B.bam sorted_reads/C.bam | bcftools call -P 1e-3 -mv - > calls/all.vcfsamtools view -Sb - > calls/all.vcf) 2> logs/bcftools_call/calls/all.vcf.log ' returned non-zero exit status 2.
  File "/Users/paniz/Documents/PythonProjects/snakemake-tutorial/Snakefile", line 57, in __rule_bcftools_call
  File "/Users/paniz/miniconda3/envs/snakemake-tutorial/lib/python3.6/concurrent/futures/thread.py", line 56, in run
Shutting down, this might take some time.
Exiting because a job execution failed. Look above for error message
Complete log: /Users/paniz/Documents/PythonProjects/snakemake-tutorial/.snakemake/log/2019-03-18T170103.537608.snakemake.log
