Building DAG of jobs...
Using shell: /bin/bash
Provided cores: 1
Rules claiming more threads will be scaled down.
Job counts:
	count	jobs
	1	bwa_map
	1	samtools_sort
	2

[Tue Jan 15 12:24:25 2019]
rule bwa_map:
    input: data/genome.fa, data/samples/B.fastq
    output: mapped_reads/B.bam
    jobid: 1
    reason: Missing output files: mapped_reads/B.bam
    wildcards: sample=B

[Tue Jan 15 12:24:26 2019]
Finished job 1.
1 of 2 steps (50%) done

[Tue Jan 15 12:24:26 2019]
rule samtools_sort:
    input: mapped_reads/B.bam
    output: sorted_reads/B.bam
    jobid: 0
    reason: Missing output files: sorted_reads/B.bam; Input files updated by another job: mapped_reads/B.bam
    wildcards: sample=B

[Tue Jan 15 12:24:26 2019]
Error in rule samtools_sort:
    jobid: 0
    output: sorted_reads/B.bam

RuleException:
CalledProcessError in line 20 of /Users/paniz/Documents/Snakemake/snakemake-tutorial/Snakefile:
Command ' set -euo pipefail;  samtools sort -R sorted_reads/B -O bam mapped_reads/B.bam > sorted_reads/B.bam ' returned non-zero exit status 1.
  File "/Users/paniz/Documents/Snakemake/snakemake-tutorial/Snakefile", line 20, in __rule_samtools_sort
  File "/Users/paniz/miniconda3/envs/snakemake-tutorial/lib/python3.6/concurrent/futures/thread.py", line 56, in run
Removing output files of failed job samtools_sort since they might be corrupted:
sorted_reads/B.bam
Shutting down, this might take some time.
Exiting because a job execution failed. Look above for error message
Complete log: /Users/paniz/Documents/Snakemake/snakemake-tutorial/.snakemake/log/2019-01-15T122425.098678.snakemake.log
