Building DAG of jobs...
Using shell: /bin/bash
Provided cores: 1
Rules claiming more threads will be scaled down.
Job counts:
	count	jobs
	1	all
	1	bcftools_call
	3	bwa_map
	1	plot_quals
	3	samtools_index
	3	samtools_sort
	12

[Mon Mar 25 20:41:59 2019]
rule bwa_map:
    input: data/genome.fa, data/samples/B.fastq
    output: mapped_reads/B.bam
    log: logs/bwa_mem/B.log
    jobid: 11
    wildcards: sample=B

[Mon Mar 25 20:42:00 2019]
Finished job 11.
1 of 12 steps (8%) done

[Mon Mar 25 20:42:00 2019]
rule samtools_sort:
    input: mapped_reads/B.bam
    output: sorted_reads/B.bam
    jobid: 6
    wildcards: sample=B

Write-protecting output file sorted_reads/B.bam.
Removing temporary output file mapped_reads/B.bam.
[Mon Mar 25 20:42:00 2019]
Finished job 6.
2 of 12 steps (17%) done

[Mon Mar 25 20:42:00 2019]
rule bwa_map:
    input: data/genome.fa, data/samples/C.fastq
    output: mapped_reads/C.bam
    log: logs/bwa_mem/C.log
    jobid: 9
    wildcards: sample=C

[Mon Mar 25 20:42:02 2019]
Finished job 9.
3 of 12 steps (25%) done

[Mon Mar 25 20:42:02 2019]
rule samtools_sort:
    input: mapped_reads/C.bam
    output: sorted_reads/C.bam
    jobid: 3
    wildcards: sample=C

Write-protecting output file sorted_reads/C.bam.
Removing temporary output file mapped_reads/C.bam.
[Mon Mar 25 20:42:02 2019]
Finished job 3.
4 of 12 steps (33%) done

[Mon Mar 25 20:42:02 2019]
rule bwa_map:
    input: data/genome.fa, data/samples/A.fastq
    output: mapped_reads/A.bam
    log: logs/bwa_mem/A.log
    jobid: 10
    wildcards: sample=A

[Mon Mar 25 20:42:03 2019]
Finished job 10.
5 of 12 steps (42%) done

[Mon Mar 25 20:42:03 2019]
rule samtools_sort:
    input: mapped_reads/A.bam
    output: sorted_reads/A.bam
    jobid: 5
    wildcards: sample=A

Write-protecting output file sorted_reads/A.bam.
Removing temporary output file mapped_reads/A.bam.
[Mon Mar 25 20:42:03 2019]
Finished job 5.
6 of 12 steps (50%) done

[Mon Mar 25 20:42:03 2019]
rule samtools_index:
    input: sorted_reads/C.bam
    output: sorted_reads/C.bam.bai
    jobid: 4
    wildcards: sample=C

[Mon Mar 25 20:42:03 2019]
Finished job 4.
7 of 12 steps (58%) done

[Mon Mar 25 20:42:03 2019]
rule samtools_index:
    input: sorted_reads/B.bam
    output: sorted_reads/B.bam.bai
    jobid: 7
    wildcards: sample=B

[Mon Mar 25 20:42:03 2019]
Finished job 7.
8 of 12 steps (67%) done

[Mon Mar 25 20:42:03 2019]
rule samtools_index:
    input: sorted_reads/A.bam
    output: sorted_reads/A.bam.bai
    jobid: 8
    wildcards: sample=A

[Mon Mar 25 20:42:03 2019]
Finished job 8.
9 of 12 steps (75%) done

[Mon Mar 25 20:42:03 2019]
rule bcftools_call:
    input: data/genome.fa, sorted_reads/A.bam, sorted_reads/B.bam, sorted_reads/C.bam, sorted_reads/A.bam.bai, sorted_reads/B.bam.bai, sorted_reads/C.bam.bai
    output: calls/all.vcf
    log: logs/bcftools_call/all.vcf.log
    jobid: 2

[Mon Mar 25 20:42:04 2019]
Finished job 2.
10 of 12 steps (83%) done

[Mon Mar 25 20:42:04 2019]
rule plot_quals:
    input: calls/all.vcf
    output: plots/quals.svg
    jobid: 1

[Mon Mar 25 20:42:05 2019]
Finished job 1.
11 of 12 steps (92%) done

[Mon Mar 25 20:42:05 2019]
localrule all:
    input: plots/quals.svg
    jobid: 0

[Mon Mar 25 20:42:05 2019]
Finished job 0.
12 of 12 steps (100%) done
Complete log: /Users/paniz/Documents/PythonProjects/snakemake-tutorial/.snakemake/log/2019-03-25T204159.528453.snakemake.log
